Started by GitHub push by tarun3834
Running in Durability level: MAX_SURVIVABILITY
[Pipeline] Start of Pipeline
[Pipeline] node
Running on Jenkins in /var/lib/jenkins/workspace/case
[Pipeline] {
[Pipeline] stage
[Pipeline] { (Preparation)
[Pipeline] echo
Preparing the Jenkins environment with required tools by Tarun
[Pipeline] tool
[Pipeline] tool
[Pipeline] }
[Pipeline] // stage
[Pipeline] stage
[Pipeline] { (git checkout)
[Pipeline] echo
Checking out the code from tarun git repository.
[Pipeline] git
The recommended git tool is: NONE
No credentials specified
Cloning the remote Git repository
Cloning repository https://github.com/tarun3834/batch10.git
 > git init /var/lib/jenkins/workspace/case # timeout=10
Fetching upstream changes from https://github.com/tarun3834/batch10.git
 > git --version # timeout=10
 > git --version # 'git version 2.7.4'
 > git fetch --tags --progress https://github.com/tarun3834/batch10.git +refs/heads/*:refs/remotes/origin/* # timeout=10
 > git config remote.origin.url https://github.com/tarun3834/batch10.git # timeout=10
 > git config --add remote.origin.fetch +refs/heads/*:refs/remotes/origin/* # timeout=10
Avoid second fetch
 > git rev-parse refs/remotes/origin/master^{commit} # timeout=10
Checking out Revision 60b3161f7fda884f8b5481c29a690b224eaa6594 (refs/remotes/origin/master)
 > git config core.sparsecheckout # timeout=10
 > git checkout -f 60b3161f7fda884f8b5481c29a690b224eaa6594 # timeout=10
 > git branch -a -v --no-abbrev # timeout=10
 > git checkout -b master 60b3161f7fda884f8b5481c29a690b224eaa6594 # timeout=10
Commit message: "Update README.md"
 > git rev-list --no-walk 5b8b6d127558f04c47b895636b8efe4a946d4a84 # timeout=10
[Pipeline] }
[Pipeline] // stage
[Pipeline] stage
[Pipeline] { (Build, Test and Package)
[Pipeline] echo
Building the springboot application by Tarun
[Pipeline] sh
+ /var/lib/jenkins/tools/hudson.tasks.Maven_MavenInstallation/maven_3/bin/mvn clean package
[INFO] Scanning for projects...
[INFO] 
[INFO] -----------------------< com.casestudy:bootcamp >-----------------------
[INFO] Building bootcamp 0.0.1-SNAPSHOT
[INFO] --------------------------------[ jar ]---------------------------------
[INFO] 
[INFO] --- maven-clean-plugin:3.1.0:clean (default-clean) @ bootcamp ---
[INFO] 
[INFO] --- maven-resources-plugin:3.1.0:resources (default-resources) @ bootcamp ---
[INFO] Using 'UTF-8' encoding to copy filtered resources.
[INFO] Copying 1 resource
[INFO] Copying 1 resource
[INFO] 
[INFO] --- maven-compiler-plugin:3.8.1:compile (default-compile) @ bootcamp ---
[INFO] Changes detected - recompiling the module!
[INFO] Compiling 2 source files to /var/lib/jenkins/workspace/case/target/classes
[INFO] 
[INFO] --- maven-resources-plugin:3.1.0:testResources (default-testResources) @ bootcamp ---
[INFO] Using 'UTF-8' encoding to copy filtered resources.
[INFO] skip non existing resourceDirectory /var/lib/jenkins/workspace/case/src/test/resources
[INFO] 
[INFO] --- maven-compiler-plugin:3.8.1:testCompile (default-testCompile) @ bootcamp ---
[INFO] Changes detected - recompiling the module!
[INFO] Compiling 1 source file to /var/lib/jenkins/workspace/case/target/test-classes
[INFO] 
[INFO] --- maven-surefire-plugin:2.22.2:test (default-test) @ bootcamp ---
[INFO] 
[INFO] -------------------------------------------------------
[INFO]  T E S T S
[INFO] -------------------------------------------------------
[INFO] Running com.TestMessageController
07:53:03.545 [main] DEBUG org.springframework.test.context.BootstrapUtils - Instantiating CacheAwareContextLoaderDelegate from class [org.springframework.test.context.cache.DefaultCacheAwareContextLoaderDelegate]
07:53:03.772 [main] DEBUG org.springframework.test.context.BootstrapUtils - Instantiating BootstrapContext using constructor [public org.springframework.test.context.support.DefaultBootstrapContext(java.lang.Class,org.springframework.test.context.CacheAwareContextLoaderDelegate)]
07:53:03.952 [main] DEBUG org.springframework.test.context.BootstrapUtils - Instantiating TestContextBootstrapper for test class [com.TestMessageController] from class [org.springframework.boot.test.context.SpringBootTestContextBootstrapper]
07:53:04.015 [main] INFO org.springframework.boot.test.context.SpringBootTestContextBootstrapper - Neither @ContextConfiguration nor @ContextHierarchy found for test class [com.TestMessageController], using SpringBootContextLoader
07:53:04.021 [main] DEBUG org.springframework.test.context.support.AbstractContextLoader - Did not detect default resource location for test class [com.TestMessageController]: class path resource [com/TestMessageController-context.xml] does not exist
07:53:04.028 [main] DEBUG org.springframework.test.context.support.AbstractContextLoader - Did not detect default resource location for test class [com.TestMessageController]: class path resource [com/TestMessageControllerContext.groovy] does not exist
07:53:04.029 [main] INFO org.springframework.test.context.support.AbstractContextLoader - Could not detect default resource locations for test class [com.TestMessageController]: no resource found for suffixes {-context.xml, Context.groovy}.
07:53:04.032 [main] INFO org.springframework.test.context.support.AnnotationConfigContextLoaderUtils - Could not detect default configuration classes for test class [com.TestMessageController]: TestMessageController does not declare any static, non-private, non-final, nested classes annotated with @Configuration.
07:53:04.288 [main] DEBUG org.springframework.test.context.support.ActiveProfilesUtils - Could not find an 'annotation declaring class' for annotation type [org.springframework.test.context.ActiveProfiles] and class [com.TestMessageController]
07:53:04.713 [main] DEBUG org.springframework.context.annotation.ClassPathScanningCandidateComponentProvider - Identified candidate component class: file [/var/lib/jenkins/workspace/case/target/classes/com/Application.class]
07:53:04.719 [main] INFO org.springframework.boot.test.context.SpringBootTestContextBootstrapper - Found @SpringBootConfiguration com.Application for test class com.TestMessageController
07:53:04.962 [main] DEBUG org.springframework.boot.test.context.SpringBootTestContextBootstrapper - @TestExecutionListeners is not present for class [com.TestMessageController]: using defaults.
07:53:04.963 [main] INFO org.springframework.boot.test.context.SpringBootTestContextBootstrapper - Loaded default TestExecutionListener class names from location [META-INF/spring.factories]: [org.springframework.boot.test.mock.mockito.MockitoTestExecutionListener, org.springframework.boot.test.mock.mockito.ResetMocksTestExecutionListener, org.springframework.boot.test.autoconfigure.restdocs.RestDocsTestExecutionListener, org.springframework.boot.test.autoconfigure.web.client.MockRestServiceServerResetTestExecutionListener, org.springframework.boot.test.autoconfigure.web.servlet.MockMvcPrintOnlyOnFailureTestExecutionListener, org.springframework.boot.test.autoconfigure.web.servlet.WebDriverTestExecutionListener, org.springframework.test.context.web.ServletTestExecutionListener, org.springframework.test.context.support.DirtiesContextBeforeModesTestExecutionListener, org.springframework.test.context.support.DependencyInjectionTestExecutionListener, org.springframework.test.context.support.DirtiesContextTestExecutionListener, org.springframework.test.context.transaction.TransactionalTestExecutionListener, org.springframework.test.context.jdbc.SqlScriptsTestExecutionListener]
07:53:04.981 [main] DEBUG org.springframework.boot.test.context.SpringBootTestContextBootstrapper - Skipping candidate TestExecutionListener [org.springframework.test.context.transaction.TransactionalTestExecutionListener] due to a missing dependency. Specify custom listener classes or make the default listener classes and their required dependencies available. Offending class: [org/springframework/transaction/TransactionDefinition]
07:53:04.982 [main] DEBUG org.springframework.boot.test.context.SpringBootTestContextBootstrapper - Skipping candidate TestExecutionListener [org.springframework.test.context.jdbc.SqlScriptsTestExecutionListener] due to a missing dependency. Specify custom listener classes or make the default listener classes and their required dependencies available. Offending class: [org/springframework/transaction/interceptor/TransactionAttribute]
07:53:04.982 [main] INFO org.springframework.boot.test.context.SpringBootTestContextBootstrapper - Using TestExecutionListeners: [org.springframework.test.context.web.ServletTestExecutionListener@76ed1b7c, org.springframework.test.context.support.DirtiesContextBeforeModesTestExecutionListener@11fc564b, org.springframework.boot.test.mock.mockito.MockitoTestExecutionListener@394a2528, org.springframework.boot.test.autoconfigure.SpringBootDependencyInjectionTestExecutionListener@6236eb5f, org.springframework.test.context.support.DirtiesContextTestExecutionListener@7c1e2a9e, org.springframework.boot.test.mock.mockito.ResetMocksTestExecutionListener@fa36558, org.springframework.boot.test.autoconfigure.restdocs.RestDocsTestExecutionListener@672872e1, org.springframework.boot.test.autoconfigure.web.client.MockRestServiceServerResetTestExecutionListener@32910148, org.springframework.boot.test.autoconfigure.web.servlet.MockMvcPrintOnlyOnFailureTestExecutionListener@3f56875e, org.springframework.boot.test.autoconfigure.web.servlet.WebDriverTestExecutionListener@2b4bac49]
07:53:04.986 [main] DEBUG org.springframework.test.context.support.AbstractDirtiesContextTestExecutionListener - Before test class: context [DefaultTestContext@2a266d09 testClass = TestMessageController, testInstance = [null], testMethod = [null], testException = [null], mergedContextConfiguration = [WebMergedContextConfiguration@5ab9e72c testClass = TestMessageController, locations = '{}', classes = '{class com.Application}', contextInitializerClasses = '[]', activeProfiles = '{}', propertySourceLocations = '{}', propertySourceProperties = '{org.springframework.boot.test.context.SpringBootTestContextBootstrapper=true}', contextCustomizers = set[org.springframework.boot.test.context.filter.ExcludeFilterContextCustomizer@400cff1a, org.springframework.boot.test.json.DuplicateJsonObjectContextCustomizerFactory$DuplicateJsonObjectContextCustomizer@75f9eccc, org.springframework.boot.test.mock.mockito.MockitoContextCustomizer@0, org.springframework.boot.test.web.client.TestRestTemplateContextCustomizer@25b485ba, org.springframework.boot.test.autoconfigure.properties.PropertyMappingContextCustomizer@0, org.springframework.boot.test.autoconfigure.web.servlet.WebDriverContextCustomizerFactory$Customizer@4034c28c], resourceBasePath = 'src/main/webapp', contextLoader = 'org.springframework.boot.test.context.SpringBootContextLoader', parent = [null]], attributes = map['org.springframework.test.context.web.ServletTestExecutionListener.activateListener' -> true]], class annotated with @DirtiesContext [false] with mode [null].
07:53:05.043 [main] DEBUG org.springframework.test.context.support.TestPropertySourceUtils - Adding inlined properties to environment: {spring.jmx.enabled=false, org.springframework.boot.test.context.SpringBootTestContextBootstrapper=true, server.port=-1}

  .   ____          _            __ _ _
 /\\ / ___'_ __ _ _(_)_ __  __ _ \ \ \ \
( ( )\___ | '_ | '_| | '_ \/ _` | \ \ \ \
 \\/  ___)| |_)| | | | | || (_| |  ) ) ) )
  '  |____| .__|_| |_|_| |_\__, | / / / /
 =========|_|==============|___/=/_/_/_/
 :: Spring Boot ::        (v2.1.7.RELEASE)

2021-06-03 07:53:06.281  INFO 10397 --- [           main] com.TestMessageController                : Starting TestMessageController on mastery with PID 10397 (started by jenkins in /var/lib/jenkins/workspace/case)
2021-06-03 07:53:06.440  INFO 10397 --- [           main] com.TestMessageController                : No active profile set, falling back to default profiles: default
2021-06-03 07:53:19.437  INFO 10397 --- [           main] o.s.s.concurrent.ThreadPoolTaskExecutor  : Initializing ExecutorService 'applicationTaskExecutor'
2021-06-03 07:53:19.970  INFO 10397 --- [           main] o.s.b.a.w.s.WelcomePageHandlerMapping    : Adding welcome page: class path resource [static/index.html]
2021-06-03 07:53:21.228  INFO 10397 --- [           main] com.TestMessageController                : Started TestMessageController in 16.038 seconds (JVM running for 21.237)
2021-06-03 07:53:22.763  INFO 10397 --- [           main] com.MessageController                    : hello, its an info
2021-06-03 07:53:22.944  INFO 10397 --- [           main] com.MessageController                    : hello from test app1
[INFO] Tests run: 2, Failures: 0, Errors: 0, Skipped: 0, Time elapsed: 19.742 s - in com.TestMessageController
2021-06-03 07:53:23.246  INFO 10397 --- [       Thread-2] o.s.s.concurrent.ThreadPoolTaskExecutor  : Shutting down ExecutorService 'applicationTaskExecutor'
[INFO] 
[INFO] Results:
[INFO] 
[INFO] Tests run: 2, Failures: 0, Errors: 0, Skipped: 0
[INFO] 
[INFO] 
[INFO] --- maven-jar-plugin:3.1.2:jar (default-jar) @ bootcamp ---
[INFO] Building jar: /var/lib/jenkins/workspace/case/target/bootcamp-0.0.1-SNAPSHOT.jar
[INFO] 
[INFO] --- spring-boot-maven-plugin:2.1.7.RELEASE:repackage (repackage) @ bootcamp ---
[INFO] Replacing main artifact with repackaged archive
[INFO] 
[INFO] --- spring-boot-maven-plugin:2.1.7.RELEASE:repackage (default) @ bootcamp ---
[INFO] Replacing main artifact with repackaged archive
[INFO] ------------------------------------------------------------------------
[INFO] BUILD SUCCESS
[INFO] ------------------------------------------------------------------------
[INFO] Total time:  41.212 s
[INFO] Finished at: 2021-06-03T07:53:28Z
[INFO] ------------------------------------------------------------------------
[Pipeline] }
[Pipeline] // stage
[Pipeline] stage
[Pipeline] { (Sonar Scan)
[Pipeline] echo
Scanning application for vulnerabilities using Sonar...
[Pipeline] sh
+ /var/lib/jenkins/tools/hudson.tasks.Maven_MavenInstallation/maven_3/bin/mvn sonar:sonar -Dsonar.host.url=http://104.197.236.112:9000 -Dsonar.login=78d9adf9c3419f6ccc285a3a8faab74a04797e42
[INFO] Scanning for projects...
[WARNING] The POM for org.eclipse.m2e:lifecycle-mapping:jar:1.0.0 is missing, no dependency information available
[WARNING] Failed to retrieve plugin descriptor for org.eclipse.m2e:lifecycle-mapping:1.0.0: Plugin org.eclipse.m2e:lifecycle-mapping:1.0.0 or one of its dependencies could not be resolved: org.eclipse.m2e:lifecycle-mapping:jar:1.0.0 was not found in https://repo.maven.apache.org/maven2 during a previous attempt. This failure was cached in the local repository and resolution is not reattempted until the update interval of central has elapsed or updates are forced
[INFO] 
[INFO] -----------------------< com.casestudy:bootcamp >-----------------------
[INFO] Building bootcamp 0.0.1-SNAPSHOT
[INFO] --------------------------------[ jar ]---------------------------------
[WARNING] The POM for org.eclipse.m2e:lifecycle-mapping:jar:1.0.0 is missing, no dependency information available
[WARNING] Failed to retrieve plugin descriptor for org.eclipse.m2e:lifecycle-mapping:1.0.0: Plugin org.eclipse.m2e:lifecycle-mapping:1.0.0 or one of its dependencies could not be resolved: org.eclipse.m2e:lifecycle-mapping:jar:1.0.0 was not found in https://repo.maven.apache.org/maven2 during a previous attempt. This failure was cached in the local repository and resolution is not reattempted until the update interval of central has elapsed or updates are forced
[INFO] 
[INFO] --- sonar-maven-plugin:3.9.0.2155:sonar (default-cli) @ bootcamp ---
[INFO] User cache: /var/lib/jenkins/.sonar/cache
[INFO] SonarQube version: 8.9.0
[INFO] Default locale: "en_US", source code encoding: "UTF-8"
[WARNING] SonarScanner will require Java 11 to run, starting in SonarQube 9.x
[INFO] Load global settings
[INFO] Load global settings (done) | time=1025ms
[INFO] Server id: BF41A1F2-AXnQskvXvc8oYdLQIZGM
[INFO] User cache: /var/lib/jenkins/.sonar/cache
[INFO] Load/download plugins
[INFO] Load plugins index
[INFO] Load plugins index (done) | time=275ms
[INFO] Load/download plugins (done) | time=558ms
[INFO] Process project properties
[INFO] Process project properties (done) | time=542ms
[INFO] Execute project builders
[INFO] Execute project builders (done) | time=2ms
[INFO] Project key: com.casestudy:bootcamp
[INFO] Base dir: /var/lib/jenkins/workspace/case
[INFO] Working dir: /var/lib/jenkins/workspace/case/target/sonar
[INFO] Load project settings for component key: 'com.casestudy:bootcamp'
[INFO] Auto-configuring with CI 'Jenkins'
[INFO] Load quality profiles
[INFO] Load quality profiles (done) | time=449ms
[INFO] Auto-configuring with CI 'Jenkins'
[INFO] Load active rules
[INFO] Load active rules (done) | time=11470ms
[INFO] Indexing files...
[INFO] Project configuration:
[INFO] 4 files indexed
[INFO] 0 files ignored because of scm ignore settings
[INFO] Quality profile for java: Sonar way
[INFO] Quality profile for xml: Sonar way
[INFO] ------------- Run sensors on module bootcamp
[INFO] Load metrics repository
[INFO] Load metrics repository (done) | time=55ms
[INFO] Sensor JavaSquidSensor [java]
[INFO] Configured Java source version (sonar.java.source): 8
[INFO] JavaClasspath initialization
[INFO] JavaClasspath initialization (done) | time=188ms
[INFO] JavaTestClasspath initialization
[INFO] JavaTestClasspath initialization (done) | time=14ms
[INFO] Java Main Files AST scan
[INFO] 2 source files to be analyzed
[INFO] Load project repositories
[INFO] Load project repositories (done) | time=14ms
[INFO] 2/2 source files have been analyzed
[INFO] Java Main Files AST scan (done) | time=7292ms
[INFO] Java Test Files AST scan
[INFO] 1 source file to be analyzed
[INFO] 1/1 source file has been analyzed
[INFO] Java Test Files AST scan (done) | time=1017ms
[INFO] Java Generated Files AST scan
[INFO] 0 source files to be analyzed
[INFO] 0/0 source files have been analyzed
[INFO] Java Generated Files AST scan (done) | time=135ms
[INFO] Sensor JavaSquidSensor [java] (done) | time=10703ms
[INFO] Sensor CSS Rules [cssfamily]
[INFO] No CSS, PHP, HTML or VueJS files are found in the project. CSS analysis is skipped.
[INFO] Sensor CSS Rules [cssfamily] (done) | time=2ms
[INFO] Sensor JaCoCo XML Report Importer [jacoco]
[INFO] 'sonar.coverage.jacoco.xmlReportPaths' is not defined. Using default locations: target/site/jacoco/jacoco.xml,target/site/jacoco-it/jacoco.xml,build/reports/jacoco/test/jacocoTestReport.xml
[INFO] No report imported, no coverage information will be imported by JaCoCo XML Report Importer
[INFO] Sensor JaCoCo XML Report Importer [jacoco] (done) | time=8ms
[INFO] Sensor C# Project Type Information [csharp]
[INFO] Sensor C# Project Type Information [csharp] (done) | time=2ms
[INFO] Sensor C# Properties [csharp]
[INFO] Sensor C# Properties [csharp] (done) | time=1ms
[INFO] Sensor SurefireSensor [java]
[INFO] parsing [/var/lib/jenkins/workspace/case/target/surefire-reports]
[INFO] Sensor SurefireSensor [java] (done) | time=259ms
[INFO] Sensor JavaXmlSensor [java]
[INFO] 1 source file to be analyzed
[INFO] 1/1 source file has been analyzed
[INFO] Sensor JavaXmlSensor [java] (done) | time=488ms
[INFO] Sensor HTML [web]
[INFO] Sensor HTML [web] (done) | time=4ms
[INFO] Sensor XML Sensor [xml]
[INFO] 1 source file to be analyzed
[INFO] 1/1 source file has been analyzed
[INFO] Sensor XML Sensor [xml] (done) | time=297ms
[INFO] Sensor VB.NET Project Type Information [vbnet]
[INFO] Sensor VB.NET Project Type Information [vbnet] (done) | time=1ms
[INFO] Sensor VB.NET Properties [vbnet]
[INFO] Sensor VB.NET Properties [vbnet] (done) | time=1ms
[INFO] ------------- Run sensors on project
[INFO] Sensor Zero Coverage Sensor
[INFO] Sensor Zero Coverage Sensor (done) | time=158ms
[INFO] Sensor Java CPD Block Indexer
[INFO] Sensor Java CPD Block Indexer (done) | time=32ms
[INFO] SCM Publisher SCM provider for this project is: git
[INFO] SCM Publisher 4 source files to be analyzed
[INFO] SCM Publisher 4/4 source files have been analyzed (done) | time=549ms
[INFO] CPD Executor 1 file had no CPD blocks
[INFO] CPD Executor Calculating CPD for 1 file
[INFO] CPD Executor CPD calculation finished (done) | time=135ms
[INFO] Analysis report generated in 483ms, dir size=107 KB
[INFO] Analysis report compressed in 94ms, zip size=19 KB
[INFO] Analysis report uploaded in 1447ms
[INFO] ANALYSIS SUCCESSFUL, you can browse http://104.197.236.112:9000/dashboard?id=com.casestudy%3Abootcamp
[INFO] Note that you will be able to access the updated dashboard once the server has processed the submitted analysis report
[INFO] More about the report processing at http://104.197.236.112:9000/api/ce/task?id=AXnQ3dfFvc8oYdLQId3y
[INFO] Analysis total time: 38.525 s
[INFO] ------------------------------------------------------------------------
[INFO] BUILD SUCCESS
[INFO] ------------------------------------------------------------------------
[INFO] Total time:  55.240 s
[INFO] Finished at: 2021-06-03T07:54:30Z
[INFO] ------------------------------------------------------------------------
[Pipeline] }
[Pipeline] // stage
[Pipeline] stage
[Pipeline] { (Publish Report)
[Pipeline] echo
 Publishing HTML report..
[Pipeline] publishHTML
[htmlpublisher] Archiving HTML reports...
[htmlpublisher] Archiving at PROJECT level /var/lib/jenkins/workspace/case to /var/lib/jenkins/jobs/case/htmlreports/HTML_20Report
[Pipeline] }
[Pipeline] // stage
[Pipeline] stage
[Pipeline] { (Build Docker Image)
[Pipeline] echo
Building docker image for springboot application.
[Pipeline] sh
+ docker build -t tarun3834/spring:1.4 .
Sending build context to Docker daemon  17.68MB

Step 1/6 : FROM java:8-jdk-alpine
 ---> 3fd9dd82815c
Step 2/6 : MAINTAINER TARUN
 ---> Using cache
 ---> c67fd8ea6581
Step 3/6 : COPY ./target/bootcamp-0.0.1-SNAPSHOT.jar /usr/app/
 ---> d29f3e39dc80
Step 4/6 : WORKDIR /usr/app
 ---> Running in 6ba04b739b0d
Removing intermediate container 6ba04b739b0d
 ---> 9f9ab6bcb4ff
Step 5/6 : RUN sh -c 'touch bootcamp-0.0.1-SNAPSHOT.jar'
 ---> Running in 92221768f79b
Removing intermediate container 92221768f79b
 ---> 751ad2706993
Step 6/6 : ENTRYPOINT ["java", "-jar", "bootcamp-0.0.1-SNAPSHOT.jar"]
 ---> Running in 4a463174b68b
Removing intermediate container 4a463174b68b
 ---> 815c3b94829e
Successfully built 815c3b94829e
Successfully tagged tarun3834/spring:1.4
[Pipeline] }
[Pipeline] // stage
[Pipeline] stage
[Pipeline] { (Push Docker Image to Docker Registry)
[Pipeline] echo
Pushing image to docker hub
[Pipeline] withCredentials
Masking supported pattern matches of $dockerHubPwd
[Pipeline] {
[Pipeline] sh
Warning: A secret was passed to "sh" using Groovy String interpolation, which is insecure.
		 Affected argument(s) used the following variable(s): [dockerHubPwd]
		 See https://jenkins.io/redirect/groovy-string-interpolation for details.
+ docker login -u tarun3834 -p ****
WARNING! Using --password via the CLI is insecure. Use --password-stdin.
WARNING! Your password will be stored unencrypted in /var/lib/jenkins/.docker/config.json.
Configure a credential helper to remove this warning. See
https://docs.docker.com/engine/reference/commandline/login/#credentials-store

Login Succeeded
[Pipeline] }
[Pipeline] // withCredentials
[Pipeline] sh
+ docker push tarun3834/spring:1.4
The push refers to repository [docker.io/tarun3834/spring]
0f80d9d43421: Preparing
35cc222c07a8: Preparing
a1e7033f082e: Preparing
78075328e0da: Preparing
9f8566ee5135: Preparing
9f8566ee5135: Layer already exists
78075328e0da: Layer already exists
a1e7033f082e: Layer already exists
0f80d9d43421: Pushed
35cc222c07a8: Pushed
1.4: digest: sha256:dd55a6243938a0178da2bd06a9f0c57d377f006c72f1e1e2b45053a34017d19e size: 1371
[Pipeline] }
[Pipeline] // stage
[Pipeline] stage
[Pipeline] { (Deploy Application)
[Pipeline] echo
Installing desired software..
[Pipeline] echo
Bring docker service up and running
[Pipeline] echo
Deploying spring application
[Pipeline] ansiblePlaybook
[case] $ ansible-playbook deploy-playbook.yml -i /etc/ansible/hosts --private-key /var/lib/jenkins/workspace/case/ssh8924211327540496358.key -u root

PLAY ***************************************************************************

TASK [setup] *******************************************************************
ok: [10.128.0.12]

TASK [install docker] **********************************************************
ok: [10.128.0.12]

TASK [start docker service] ****************************************************
ok: [10.128.0.12]

TASK [run docker image] ********************************************************
changed: [10.128.0.12]
 [WARNING]: Consider using 'become', 'become_method', and 'become_user' rather
than running sudo

PLAY RECAP *********************************************************************
10.128.0.12                : ok=4    changed=1    unreachable=0    failed=0   

[Pipeline] }
[Pipeline] // stage
[Pipeline] stage
[Pipeline] { (Clean up)
[Pipeline] echo
Cleaning up the workspace...
[Pipeline] cleanWs
[WS-CLEANUP] Deleting project workspace...
[WS-CLEANUP] Deferred wipeout is used...
[WS-CLEANUP] done
[Pipeline] }
[Pipeline] // stage
[Pipeline] stage
[Pipeline] { (Email test)
[Pipeline] emailext
Sending mail from default account using System Admin e-mail address
messageContentType = text/plain; charset=UTF-8
Request made to attach build log
Adding recipients from project recipient list
Analyzing: tarunvani3834@gmail.com
Looking for: tarunvani3834@gmail.com
	starting at: 0
	firstFoundIdx: 0
	firstFoundIdx-substring: tarunvani3834@gmail.com
	=> found type: 0
Analyzing: tarunvani3834@gmail.com
Looking for: tarunvani3834@gmail.com
	starting at: 0
	firstFoundIdx: 0
	firstFoundIdx-substring: tarunvani3834@gmail.com
	=> found type: 0
Analyzing: tarunvani3834@gmail.com
Looking for: tarunvani3834@gmail.com
	starting at: 0
	firstFoundIdx: 0
	firstFoundIdx-substring: tarunvani3834@gmail.com
	=> found type: 0
Adding recipients from trigger recipient list
Successfully created MimeMessage
Sending email to: tarunvani3834@gmail.com
DEBUG: getProvider() returning javax.mail.Provider[TRANSPORT,smtp,com.sun.mail.smtp.SMTPTransport,Oracle]
DEBUG SMTP: need username and password for authentication
DEBUG SMTP: protocolConnect returning false, host=smtp.gmail.com, user=jenkins, password=<null>
DEBUG SMTP: useEhlo true, useAuth true
DEBUG SMTP: trying to connect to host "smtp.gmail.com", port 465, isSSL false
220 smtp.gmail.com ESMTP n5sm1372417ilq.14 - gsmtp
DEBUG SMTP: connected to host "smtp.gmail.com", port: 465
EHLO master
250-smtp.gmail.com at your service, [104.197.236.112]
250-SIZE 35882577
250-8BITMIME
250-AUTH LOGIN PLAIN XOAUTH2 PLAIN-CLIENTTOKEN OAUTHBEARER XOAUTH
250-ENHANCEDSTATUSCODES
250-PIPELINING
250-CHUNKING
250 SMTPUTF8
DEBUG SMTP: Found extension "SIZE", arg "35882577"
DEBUG SMTP: Found extension "8BITMIME", arg ""
DEBUG SMTP: Found extension "AUTH", arg "LOGIN PLAIN XOAUTH2 PLAIN-CLIENTTOKEN OAUTHBEARER XOAUTH"
DEBUG SMTP: Found extension "ENHANCEDSTATUSCODES", arg ""
DEBUG SMTP: Found extension "PIPELINING", arg ""
DEBUG SMTP: Found extension "CHUNKING", arg ""
DEBUG SMTP: Found extension "SMTPUTF8", arg ""
DEBUG SMTP: STARTTLS requested but already using SSL
DEBUG SMTP: protocolConnect login, host=smtp.gmail.com, user=tarunvani3834@gmail.com, password=<non-null>
DEBUG SMTP: Attempt to authenticate using mechanisms: LOGIN PLAIN DIGEST-MD5 NTLM XOAUTH2 
DEBUG SMTP: Using mechanism LOGIN
DEBUG SMTP: AUTH LOGIN command trace suppressed
DEBUG SMTP: AUTH LOGIN succeeded
DEBUG SMTP: use8bit false
MAIL FROM:<noreply@jenkins.com>
250 2.1.0 OK n5sm1372417ilq.14 - gsmtp
DEBUG SMTP: sendPartial set
RCPT TO:<tarunvani3834@gmail.com>
250 2.1.5 OK n5sm1372417ilq.14 - gsmtp
DEBUG SMTP: Verified Addresses
DEBUG SMTP:   tarunvani3834@gmail.com
DATA
354  Go ahead n5sm1372417ilq.14 - gsmtp
